c:\users\lucas\source\repos\firstgame\x64\release\temp\vc142.pdb
c:\users\lucas\source\repos\firstgame\x64\release\temp\transitionscreen.nativecodeanalysis.sarif
c:\users\lucas\source\repos\firstgame\x64\release\temp\transitionscreen.nativecodeanalysis.xml
c:\users\lucas\source\repos\firstgame\x64\release\temp\titlescreen.nativecodeanalysis.sarif
c:\users\lucas\source\repos\firstgame\x64\release\temp\titlescreen.nativecodeanalysis.xml
c:\users\lucas\source\repos\firstgame\x64\release\temp\overworld.nativecodeanalysis.sarif
c:\users\lucas\source\repos\firstgame\x64\release\temp\overworld.nativecodeanalysis.xml
c:\users\lucas\source\repos\firstgame\x64\release\temp\optionsscreen.nativecodeanalysis.sarif
c:\users\lucas\source\repos\firstgame\x64\release\temp\optionsscreen.nativecodeanalysis.xml
c:\users\lucas\source\repos\firstgame\x64\release\temp\openingsplashscreen.nativecodeanalysis.sarif
c:\users\lucas\source\repos\firstgame\x64\release\temp\openingsplashscreen.nativecodeanalysis.xml
c:\users\lucas\source\repos\firstgame\x64\release\temp\main.nativecodeanalysis.sarif
c:\users\lucas\source\repos\firstgame\x64\release\temp\main.nativecodeanalysis.xml
c:\users\lucas\source\repos\firstgame\x64\release\temp\gamepadunpluggedscreen.nativecodeanalysis.sarif
c:\users\lucas\source\repos\firstgame\x64\release\temp\gamepadunpluggedscreen.nativecodeanalysis.xml
c:\users\lucas\source\repos\firstgame\x64\release\temp\exityesnoscreen.nativecodeanalysis.sarif
c:\users\lucas\source\repos\firstgame\x64\release\temp\exityesnoscreen.nativecodeanalysis.xml
c:\users\lucas\source\repos\firstgame\x64\release\temp\drawdebuginfo.nativecodeanalysis.sarif
c:\users\lucas\source\repos\firstgame\x64\release\temp\drawdebuginfo.nativecodeanalysis.xml
c:\users\lucas\source\repos\firstgame\x64\release\temp\deathscreen.nativecodeanalysis.sarif
c:\users\lucas\source\repos\firstgame\x64\release\temp\deathscreen.nativecodeanalysis.xml
c:\users\lucas\source\repos\firstgame\x64\release\temp\deathscreen.obj
c:\users\lucas\source\repos\firstgame\x64\release\temp\drawdebuginfo.obj
c:\users\lucas\source\repos\firstgame\x64\release\temp\exityesnoscreen.obj
c:\users\lucas\source\repos\firstgame\x64\release\temp\gamepadunpluggedscreen.obj
c:\users\lucas\source\repos\firstgame\x64\release\temp\main.obj
c:\users\lucas\source\repos\firstgame\x64\release\temp\openingsplashscreen.obj
c:\users\lucas\source\repos\firstgame\x64\release\temp\optionsscreen.obj
c:\users\lucas\source\repos\firstgame\x64\release\temp\overworld.obj
c:\users\lucas\source\repos\firstgame\x64\release\temp\titlescreen.obj
c:\users\lucas\source\repos\firstgame\x64\release\temp\transitionscreen.obj
c:\users\lucas\source\repos\firstgame\x64\release\firstgame.exe
c:\users\lucas\source\repos\firstgame\x64\release\temp\firstgame.ipdb
c:\users\lucas\source\repos\firstgame\x64\release\temp\firstgame.iobj
c:\users\lucas\source\repos\firstgame\x64\release\firstgame.pdb
c:\users\lucas\source\repos\firstgame\x64\release\temp\vc.nativecodeanalysis.all.xml
c:\users\lucas\source\repos\firstgame\x64\release\temp\firstgame.tlog\cl.command.1.tlog
c:\users\lucas\source\repos\firstgame\x64\release\temp\firstgame.tlog\cl.read.1.tlog
c:\users\lucas\source\repos\firstgame\x64\release\temp\firstgame.tlog\cl.write.1.tlog
c:\users\lucas\source\repos\firstgame\x64\release\temp\firstgame.tlog\link.command.1.tlog
c:\users\lucas\source\repos\firstgame\x64\release\temp\firstgame.tlog\link.read.1.tlog
c:\users\lucas\source\repos\firstgame\x64\release\temp\firstgame.tlog\link.write.1.tlog
